0 info it worked if it ends with ok
1 verbose cli [ '/Users/ujl168/.nvm/versions/node/v7.5.0/bin/node',
1 verbose cli   '/Users/ujl168/.nvm/versions/node/v7.5.0/bin/npm',
1 verbose cli   'start' ]
2 info using npm@4.1.2
3 info using node@v7.5.0
4 verbose run-script [ 'prestart', 'start', 'poststart' ]
5 info lifecycle collegecoach@1.0.0~prestart: collegecoach@1.0.0
6 silly lifecycle collegecoach@1.0.0~prestart: no script for prestart, continuing
7 info lifecycle collegecoach@1.0.0~start: collegecoach@1.0.0
8 verbose lifecycle collegecoach@1.0.0~start: unsafe-perm in lifecycle true
9 verbose lifecycle collegecoach@1.0.0~start: PATH: /Users/ujl168/.nvm/versions/node/v7.5.0/lib/node_modules/npm/bin/node-gyp-bin:/Users/ujl168/Development/gitRepos/hackathon/MoneyThinkCollegeCoach/node_modules/.bin:/Users/ujl168/.nvm/versions/node/v7.5.0/bin:/Users/ujl168/.rvm/gems/ruby-2.3.0/bin:/Users/ujl168/.rvm/gems/ruby-2.3.0@global/bin:/Users/ujl168/.rvm/rubies/ruby-2.3.0/bin:/Library/Java/JavaVirtualMachines/jdk1.8.0_91.jdk/Contents/Home/bin:/Library/Frameworks/Python.framework/Versions/3.5/bin:/usr/local/bin:/usr/bin:/bin:/usr/sbin:/sbin:/usr/local/sbin:/Users/ujl168/.rvm/bin:/Users/ujl168/Development/tools/apache-maven-3.3.9/bin:/usr/local/Cellar/akka/2.4.4/bin:/usr/local/Cellar/kafka/0.10.0.0/bin:/usr/local/Cellar/zookeeper/3.4.8/bin:/usr/local/Cellar/tomcat/8.5.3/libexec/bin:/Users/ujl168/Development/tools/activator-dist-1.3.12/bin
10 verbose lifecycle collegecoach@1.0.0~start: CWD: /Users/ujl168/Development/gitRepos/hackathon/MoneyThinkCollegeCoach
11 silly lifecycle collegecoach@1.0.0~start: Args: [ '-c', 'node server.js' ]
12 silly lifecycle collegecoach@1.0.0~start: Returned: code: 1  signal: null
13 info lifecycle collegecoach@1.0.0~start: Failed to exec start script
14 verbose stack Error: collegecoach@1.0.0 start: `node server.js`
14 verbose stack Exit status 1
14 verbose stack     at EventEmitter.<anonymous> (/Users/ujl168/.nvm/versions/node/v7.5.0/lib/node_modules/npm/lib/utils/lifecycle.js:279:16)
14 verbose stack     at emitTwo (events.js:106:13)
14 verbose stack     at EventEmitter.emit (events.js:192:7)
14 verbose stack     at ChildProcess.<anonymous> (/Users/ujl168/.nvm/versions/node/v7.5.0/lib/node_modules/npm/lib/utils/spawn.js:40:14)
14 verbose stack     at emitTwo (events.js:106:13)
14 verbose stack     at ChildProcess.emit (events.js:192:7)
14 verbose stack     at maybeClose (internal/child_process.js:890:16)
14 verbose stack     at Process.ChildProcess._handle.onexit (internal/child_process.js:226:5)
15 verbose pkgid collegecoach@1.0.0
16 verbose cwd /Users/ujl168/Development/gitRepos/hackathon/MoneyThinkCollegeCoach
17 error Darwin 15.6.0
18 error argv "/Users/ujl168/.nvm/versions/node/v7.5.0/bin/node" "/Users/ujl168/.nvm/versions/node/v7.5.0/bin/npm" "start"
19 error node v7.5.0
20 error npm  v4.1.2
21 error code ELIFECYCLE
22 error collegecoach@1.0.0 start: `node server.js`
22 error Exit status 1
23 error Failed at the collegecoach@1.0.0 start script 'node server.js'.
23 error Make sure you have the latest version of node.js and npm installed.
23 error If you do, this is most likely a problem with the collegecoach package,
23 error not with npm itself.
23 error Tell the author that this fails on your system:
23 error     node server.js
23 error You can get information on how to open an issue for this project with:
23 error     npm bugs collegecoach
23 error Or if that isn't available, you can get their info via:
23 error     npm owner ls collegecoach
23 error There is likely additional logging output above.
24 verbose exit [ 1, true ]
